#
# There is insufficient memory for the Java Runtime Environment to continue.
# Native memory allocation (malloc) failed to allocate 32744 bytes for ChunkPool::allocate
# Possible reasons:
#   The system is out of physical RAM or swap space
#   The process is running with CompressedOops enabled, and the Java Heap may be blocking the growth of the native heap
# Possible solutions:
#   Reduce memory load on the system
#   Increase physical memory or swap space
#   Check if swap backing store is full
#   Decrease Java heap size (-Xmx/-Xms)
#   Decrease number of Java threads
#   Decrease Java thread stack sizes (-Xss)
#   Set larger code cache with -XX:ReservedCodeCacheSize=
#   JVM is running with Unscaled Compressed Oops mode in which the Java heap is
#     placed in the first 4GB address space. The Java Heap base address is the
#     maximum limit for the native heap growth. Please use -XX:HeapBaseMinAddress
#     to set the Java Heap base and to place the Java Heap above 4GB virtual address.
# This output file may be truncated or incomplete.
#
#  Out of Memory Error (allocation.cpp:272), pid=7224, tid=0x0000000000001780
#
# JRE version: Java(TM) SE Runtime Environment (8.0_261-b12) (build 1.8.0_261-b12)
# Java VM: Java HotSpot(TM) 64-Bit Server VM (25.261-b12 mixed mode windows-amd64 compressed oops)
# Failed to write core dump. Minidumps are not enabled by default on client versions of Windows
#

---------------  T H R E A D  ---------------

Current thread (0x0000017579583000):  JavaThread "C1 CompilerThread2" daemon [_thread_in_native, id=6016, stack(0x000000384a800000,0x000000384a900000)]

Stack: [0x000000384a800000,0x000000384a900000]
Native frames: (J=compiled Java code, j=interpreted, Vv=VM code, C=native code)
V  [jvm.dll+0x33e5f9]


Current CompileTask:
C1:    613  130       3      
[error occurred during error reporting (printing current compile task), id 0xe0000001]


---------------  P R O C E S S  ---------------

Java Threads: ( => current thread )
  0x0000017579588800 JavaThread "Service Thread" daemon [_thread_blocked, id=8092, stack(0x000000384a900000,0x000000384aa00000)]
=>0x0000017579583000 JavaThread "C1 CompilerThread2" daemon [_thread_in_native, id=6016, stack(0x000000384a800000,0x000000384a900000)]
  0x000001757951d800 JavaThread "C2 CompilerThread1" daemon [_thread_blocked, id=6508, stack(0x000000384a700000,0x000000384a800000)]
  0x0000017579519800 JavaThread "C2 CompilerThread0" daemon [_thread_blocked, id=7812, stack(0x000000384a600000,0x000000384a700000)]
  0x0000017579518800 JavaThread "Attach Listener" daemon [_thread_blocked, id=6832, stack(0x000000384a500000,0x000000384a600000)]
  0x0000017579527800 JavaThread "Signal Dispatcher" daemon [_thread_blocked, id=7900, stack(0x000000384a400000,0x000000384a500000)]
  0x0000017562d63000 JavaThread "Finalizer" daemon [_thread_blocked, id=7780, stack(0x000000384a300000,0x000000384a400000)]
  0x0000017579506000 JavaThread "Reference Handler" daemon [_thread_blocked, id=580, stack(0x000000384a100000,0x000000384a200000)]
  0x0000017562d7f800 JavaThread "main" [_thread_in_native, id=7272, stack(0x0000003849a00000,0x0000003849b00000)]

Other Threads:
  0x00000175794e2000 VMThread [stack: 0x000000384a000000,0x000000384a100000] [id=1692]
  0x000001757959b800 WatcherThread [stack: 0x000000384aa00000,0x000000384ab00000] [id=8136]

VM state:not at safepoint (normal execution)

VM Mutex/Monitor currently owned by a thread: None

heap address: 0x0000000081800000, size: 2024 MB, Compressed Oops mode: 32-bit
Narrow klass base: 0x0000000000000000, Narrow klass shift: 3
Compressed class space size: 1073741824 Address: 0x0000000100000000

Heap:
 PSYoungGen      total 2048K, used 1144K [0x00000000d5d80000, 0x00000000d6000000, 0x0000000100000000)
  eden space 1536K, 74% used [0x00000000d5d80000,0x00000000d5e9e2e8,0x00000000d5f00000)
  from space 512K, 0% used [0x00000000d5f00000,0x00000000d5f00000,0x00000000d5f80000)
  to   space 512K, 0% used [0x00000000d5f80000,0x00000000d5f80000,0x00000000d6000000)
 ParOldGen       total 5632K, used 403K [0x0000000081800000, 0x0000000081d80000, 0x00000000d5d80000)
  object space 5632K, 7% used [0x0000000081800000,0x0000000081864e38,0x0000000081d80000)
 Metaspace       used 3720K, capacity 5100K, committed 5376K, reserved 1058816K
  class space    used 431K, capacity 488K, committed 512K, reserved 1048576K

Card table byte_map: [0x0000017573ac0000,0x0000017573ec0000] byte_map_base: 0x00000175736b4000

Marking Bits: (ParMarkBitMap*) 0x0000000076674fb0
 Begin Bits: [0x0000017574170000, 0x0000017576110000)
 End Bits:   [0x0000017576110000, 0x00000175780b0000)

Polling page: 0x00000175646d0000

CodeCache: size=245760Kb used=1332Kb max_used=1341Kb free=244428Kb
 bounds [0x0000017564700000, 0x0000017564970000, 0x0000017573700000]
 total_blobs=370 nmethods=129 adapters=154
 compilation: enabled

Compilation events (10 events):
Event: 0.570 Thread 0x0000017579583000 nmethod 122 0x000001756484b690 code [0x000001756484b800, 0x000001756484ba78]
Event: 0.570 Thread 0x0000017579583000  124       3       java.nio.DirectLongBufferU::put (18 bytes)
Event: 0.570 Thread 0x0000017579583000 nmethod 124 0x000001756484bb90 code [0x000001756484bd00, 0x000001756484bf78]
Event: 0.574 Thread 0x0000017579583000  126       3       java.lang.String::indexOf (25 bytes)
Event: 0.574 Thread 0x0000017579583000 nmethod 126 0x000001756484c490 code [0x000001756484c600, 0x000001756484c7b0]
Event: 0.578 Thread 0x0000017579519800  127       4       java.util.concurrent.ConcurrentHashMap::setTabAt (19 bytes)
Event: 0.579 Thread 0x0000017579583000  129   !   3       java.lang.ref.ReferenceQueue::poll (28 bytes)
Event: 0.579 Thread 0x0000017579519800 nmethod 127 0x0000017564844710 code [0x0000017564844840, 0x0000017564844898]
Event: 0.579 Thread 0x0000017579583000 nmethod 129 0x000001756484f350 code [0x000001756484f4c0, 0x000001756484f830]
Event: 0.609 Thread 0x0000017579583000  130       3       sun.nio.cs.UTF_8$Decoder::decode (779 bytes)

GC Heap History (4 events):
Event: 0.412 GC heap before
{Heap before GC invocations=1 (full 0):
 PSYoungGen      total 2048K, used 1254K [0x00000000d5d80000, 0x00000000d6000000, 0x0000000100000000)
  eden space 1536K, 81% used [0x00000000d5d80000,0x00000000d5eb99a8,0x00000000d5f00000)
  from space 512K, 0% used [0x00000000d5f80000,0x00000000d5f80000,0x00000000d6000000)
  to   space 512K, 0% used [0x00000000d5f00000,0x00000000d5f00000,0x00000000d5f80000)
 ParOldGen       total 5632K, used 0K [0x0000000081800000, 0x0000000081d80000, 0x00000000d5d80000)
  object space 5632K, 0% used [0x0000000081800000,0x0000000081800000,0x0000000081d80000)
 Metaspace       used 3053K, capacity 4716K, committed 4864K, reserved 1060864K
  class space    used 348K, capacity 424K, committed 512K, reserved 1048576K
Event: 0.413 GC heap after
Heap after GC invocations=1 (full 0):
 PSYoungGen      total 2048K, used 496K [0x00000000d5d80000, 0x00000000d6000000, 0x0000000100000000)
  eden space 1536K, 0% used [0x00000000d5d80000,0x00000000d5d80000,0x00000000d5f00000)
  from space 512K, 96% used [0x00000000d5f00000,0x00000000d5f7c010,0x00000000d5f80000)
  to   space 512K, 0% used [0x00000000d5f80000,0x00000000d5f80000,0x00000000d6000000)
 ParOldGen       total 5632K, used 8K [0x0000000081800000, 0x0000000081d80000, 0x00000000d5d80000)
  object space 5632K, 0% used [0x0000000081800000,0x0000000081802000,0x0000000081d80000)
 Metaspace       used 3053K, capacity 4716K, committed 4864K, reserved 1060864K
  class space    used 348K, capacity 424K, committed 512K, reserved 1048576K
}
Event: 0.413 GC heap before
{Heap before GC invocations=2 (full 1):
 PSYoungGen      total 2048K, used 496K [0x00000000d5d80000, 0x00000000d6000000, 0x0000000100000000)
  eden space 1536K, 0% used [0x00000000d5d80000,0x00000000d5d80000,0x00000000d5f00000)
  from space 512K, 96% used [0x00000000d5f00000,0x00000000d5f7c010,0x00000000d5f80000)
  to   space 512K, 0% used [0x00000000d5f80000,0x00000000d5f80000,0x00000000d6000000)
 ParOldGen       total 5632K, used 8K [0x0000000081800000, 0x0000000081d80000, 0x00000000d5d80000)
  object space 5632K, 0% used [0x0000000081800000,0x0000000081802000,0x0000000081d80000)
 Metaspace       used 3053K, capacity 4716K, committed 4864K, reserved 1060864K
  class space    used 348K, capacity 424K, committed 512K, reserved 1048576K
Event: 0.419 GC heap after
Heap after GC invocations=2 (full 1):
 PSYoungGen      total 2048K, used 0K [0x00000000d5d80000, 0x00000000d6000000, 0x0000000100000000)
  eden space 1536K, 0% used [0x00000000d5d80000,0x00000000d5d80000,0x00000000d5f00000)
  from space 512K, 0% used [0x00000000d5f00000,0x00000000d5f00000,0x00000000d5f80000)
  to   space 512K, 0% used [0x00000000d5f80000,0x00000000d5f80000,0x00000000d6000000)
 ParOldGen       total 5632K, used 403K [0x0000000081800000, 0x0000000081d80000, 0x00000000d5d80000)
  object space 5632K, 7% used [0x0000000081800000,0x0000000081864e38,0x0000000081d80000)
 Metaspace       used 3053K, capacity 4716K, committed 4864K, reserved 1058816K
  class space    used 348K, capacity 424K, committed 512K, reserved 1048576K
}

Deoptimization events (0 events):
No events

Classes redefined (0 events):
No events

Internal exceptions (8 events):
Event: 0.060 Thread 0x0000017562d7f800 Exception <a 'java/lang/NoSuchMethodError': Method sun.misc.Unsafe.defineClass(Ljava/lang/String;[BII)Ljava/lang/Class; name or signature does not match> (0x00000000d5d87cd8) thrown at [C:\jenkins\workspace\8-2-build-windows-amd64-cygwin\jdk8u261\295\hots
Event: 0.061 Thread 0x0000017562d7f800 Exception <a 'java/lang/NoSuchMethodError': Method sun.misc.Unsafe.prefetchRead(Ljava/lang/Object;J)V name or signature does not match> (0x00000000d5d87fc0) thrown at [C:\jenkins\workspace\8-2-build-windows-amd64-cygwin\jdk8u261\295\hotspot\src\share\vm\p
Event: 0.454 Thread 0x0000017562d7f800 Exception <a 'java/security/PrivilegedActionException'> (0x00000000d5daff40) thrown at [C:\jenkins\workspace\8-2-build-windows-amd64-cygwin\jdk8u261\295\hotspot\src\share\vm\prims\jvm.cpp, line 1512]
Event: 0.454 Thread 0x0000017562d7f800 Exception <a 'java/security/PrivilegedActionException'> (0x00000000d5db0338) thrown at [C:\jenkins\workspace\8-2-build-windows-amd64-cygwin\jdk8u261\295\hotspot\src\share\vm\prims\jvm.cpp, line 1512]
Event: 0.455 Thread 0x0000017562d7f800 Exception <a 'java/security/PrivilegedActionException'> (0x00000000d5db4430) thrown at [C:\jenkins\workspace\8-2-build-windows-amd64-cygwin\jdk8u261\295\hotspot\src\share\vm\prims\jvm.cpp, line 1512]
Event: 0.455 Thread 0x0000017562d7f800 Exception <a 'java/security/PrivilegedActionException'> (0x00000000d5db4828) thrown at [C:\jenkins\workspace\8-2-build-windows-amd64-cygwin\jdk8u261\295\hotspot\src\share\vm\prims\jvm.cpp, line 1512]
Event: 0.480 Thread 0x0000017562d7f800 Exception <a 'java/security/PrivilegedActionException'> (0x00000000d5de9c10) thrown at [C:\jenkins\workspace\8-2-build-windows-amd64-cygwin\jdk8u261\295\hotspot\src\share\vm\prims\jvm.cpp, line 1512]
Event: 0.480 Thread 0x0000017562d7f800 Exception <a 'java/security/PrivilegedActionException'> (0x00000000d5dea008) thrown at [C:\jenkins\workspace\8-2-build-windows-amd64-cygwin\jdk8u261\295\hotspot\src\share\vm\prims\jvm.cpp, line 1512]

Events (10 events):
Event: 0.606 loading class com/sun/source/util/Plugin
Event: 0.606 loading class com/sun/source/util/Plugin done
Event: 0.608 loading class com/sun/tools/doclint/DocLint$BadArgs
Event: 0.608 loading class com/sun/tools/doclint/DocLint$BadArgs done
Event: 0.609 loading class com/sun/tools/doclint/DocLint$DeclScanner
Event: 0.609 loading class com/sun/tools/doclint/DocLint$DeclScanner done
Event: 0.609 loading class com/sun/source/util/TreePathScanner
Event: 0.609 loading class com/sun/source/util/TreePathScanner done
Event: 0.609 loading class com/sun/source/util/TreeScanner
Event: 0.609 loading class com/sun/source/util/TreeScanner done


Dynamic libraries:
0x00007ff78af00000 - 0x00007ff78af07000 	C:\Program Files\Java\jdk1.8.0_261\bin\javac.exe
0x00007ffceed70000 - 0x00007ffceef41000 	C:\Windows\SYSTEM32\ntdll.dll
0x00007ffcec500000 - 0x00007ffcec5ab000 	C:\Windows\System32\KERNEL32.DLL
0x00007ffceb7c0000 - 0x00007ffceb9dd000 	C:\Windows\System32\KERNELBASE.dll
0x00007ffceb480000 - 0x00007ffceb575000 	C:\Windows\System32\ucrtbase.dll
0x00007ffce5ea0000 - 0x00007ffce5edf000 	C:\Program Files\Java\jdk1.8.0_261\bin\jli.dll
0x00007ffcece50000 - 0x00007ffcecef2000 	C:\Windows\System32\ADVAPI32.dll
0x00007ffceecd0000 - 0x00007ffceed6e000 	C:\Windows\System32\msvcrt.dll
0x00007ffcec5b0000 - 0x00007ffcec609000 	C:\Windows\System32\sechost.dll
0x00007ffced130000 - 0x00007ffced251000 	C:\Windows\System32\RPCRT4.dll
0x00007ffcecf00000 - 0x00007ffced065000 	C:\Windows\System32\USER32.dll
0x00007ffceb7a0000 - 0x00007ffceb7be000 	C:\Windows\System32\win32u.dll
0x00007ffced6d0000 - 0x00007ffced704000 	C:\Windows\System32\GDI32.dll
0x00007ffceba90000 - 0x00007ffcebc12000 	C:\Windows\System32\gdi32full.dll
0x00007ffce6f30000 - 0x00007ffce6f45000 	C:\Program Files\Java\jdk1.8.0_261\bin\VCRUNTIME140.dll
0x00007ffcdc190000 - 0x00007ffcdc409000 	C:\Windows\WinSxS\amd64_microsoft.windows.common-controls_6595b64144ccf1df_6.0.14393.0_none_2d0f50fcbdb171b8\COMCTL32.dll
0x00007ffced400000 - 0x00007ffced6c7000 	C:\Windows\System32\combase.dll
0x00007ffceb300000 - 0x00007ffceb36a000 	C:\Windows\System32\bcryptPrimitives.dll
0x00007ffceeca0000 - 0x00007ffceecce000 	C:\Windows\System32\IMM32.DLL
0x00007ffceb190000 - 0x00007ffceb1a9000 	C:\Windows\SYSTEM32\prochook.dll
0x00007ffce6a20000 - 0x00007ffce6a35000 	C:\Program Files\Java\jdk1.8.0_261\jre\bin\vcruntime140.dll
0x00007ffce6740000 - 0x00007ffce67db000 	C:\Program Files\Java\jdk1.8.0_261\jre\bin\msvcp140.dll
0x0000000075e80000 - 0x00000000766ec000 	C:\Program Files\Java\jdk1.8.0_261\jre\bin\server\jvm.dll
0x00007ffcecc40000 - 0x00007ffcecc48000 	C:\Windows\System32\PSAPI.DLL
0x00007ffce96d0000 - 0x00007ffce96d9000 	C:\Windows\SYSTEM32\WSOCK32.dll
0x00007ffceec30000 - 0x00007ffceec9a000 	C:\Windows\System32\WS2_32.dll
0x00007ffce5a00000 - 0x00007ffce5a23000 	C:\Windows\SYSTEM32\WINMM.dll
0x00007ffce8190000 - 0x00007ffce819a000 	C:\Windows\SYSTEM32\VERSION.dll
0x00007ffce59d0000 - 0x00007ffce59fb000 	C:\Windows\SYSTEM32\WINMMBASE.dll
0x00007ffceb750000 - 0x00007ffceb792000 	C:\Windows\System32\cfgmgr32.dll
0x00007ffceb270000 - 0x00007ffceb27f000 	C:\Windows\System32\kernel.appcore.dll
0x00007ffce6c10000 - 0x00007ffce6c20000 	C:\Program Files\Java\jdk1.8.0_261\jre\bin\verify.dll
0x00007ffce69b0000 - 0x00007ffce69db000 	C:\Program Files\Java\jdk1.8.0_261\jre\bin\java.dll
0x00007ffce6990000 - 0x00007ffce69a8000 	C:\Program Files\Java\jdk1.8.0_261\jre\bin\zip.dll
0x00007ffceb050000 - 0x00007ffceb0e6000 	C:\Program Files (x86)\GBillingClient\x64\prochook.dll
0x00007ffceab40000 - 0x00007ffceab55000 	C:\Windows\SYSTEM32\cryptdll.dll
0x00007ffced720000 - 0x00007ffceec28000 	C:\Windows\System32\SHELL32.dll
0x00007ffcebc20000 - 0x00007ffcec2fa000 	C:\Windows\System32\windows.storage.dll
0x00007ffceb280000 - 0x00007ffceb2cc000 	C:\Windows\System32\powrprof.dll
0x00007ffcec4a0000 - 0x00007ffcec4f2000 	C:\Windows\System32\shlwapi.dll
0x00007ffceb9e0000 - 0x00007ffceba89000 	C:\Windows\System32\shcore.dll
0x00007ffceb2d0000 - 0x00007ffceb2e4000 	C:\Windows\System32\profapi.dll

VM Arguments:
jvm_args: -Dapplication.home=C:\Program Files\Java\jdk1.8.0_261 -Xms8m 
java_command: com.sun.tools.javac.Main -d C:\Users\Administrator\Documents\NetBeansProjects\TuanThang\build\classes -classpath C:\Users\Administrator\Documents\NetBeansProjects\TuanThang\build\classes -sourcepath C:\Users\Administrator\Documents\NetBeansProjects\TuanThang\src -target 1.8 -encoding UTF-8 -g -processorpath C:\Users\Administrator\Documents\NetBeansProjects\TuanThang\build\empty -s C:\Users\Administrator\Documents\NetBeansProjects\TuanThang\build\generated-sources\ap-source-output -source 1.8 C:\Users\Administrator\Documents\NetBeansProjects\TuanThang\src\View\viewAdmin.java
java_class_path (initial): C:\Program Files\Java\jdk1.8.0_261/lib/tools.jar;C:\Program Files\Java\jdk1.8.0_261/classes
Launcher Type: SUN_STANDARD

Environment Variables:
PATH=C:\Program Files (x86)\Common Files\Oracle\Java\javapath;C:\ProgramData\Oracle\Java\javapath;C:\Windows\system32;C:\Windows;C:\Windows\System32\Wbem;C:\Windows\System32\WindowsPowerShell\v1.0\;C:\Users\Administrator\AppData\Local\Microsoft\WindowsApps;
USERNAME=Administrator
OS=Windows_NT
PROCESSOR_IDENTIFIER=Intel64 Family 6 Model 94 Stepping 3, GenuineIntel



---------------  S Y S T E M  ---------------

OS: Windows 10.0 , 64 bit Build 14393 (10.0.14393.0)

CPU:total 4 (initial active 4) (2 cores per cpu, 2 threads per core) family 6 model 94 stepping 3, cmov, cx8, fxsr, mmx, sse, sse2, sse3, ssse3, sse4.1, sse4.2, popcnt, avx, avx2, aes, clmul, erms, 3dnowpref, lzcnt, ht, tsc, tscinvbit, bmi1, bmi2, adx

Memory: 4k page, physical 8286132k(3883140k free), swap 12480436k(2736k free)

vm_info: Java HotSpot(TM) 64-Bit Server VM (25.261-b12) for windows-amd64 JRE (1.8.0_261-b12), built on Jun 18 2020 06:56:32 by "" with unknown MS VC++:1916

time: Sat Oct 31 17:36:33 2020
timezone: SE Asia Standard Time
elapsed time: 0 seconds (0d 0h 0m 0s)

